<?xml version="1.0" encoding="UTF-8"?>
<robot generator="Robot 3.1.2 (Python 3.8.0 on darwin)" generated="20191123 13:16:46.340" rpa="false">
<suite id="s1" name="Robot Test" source="/Users/pavel/Desktop/robot_test">
<suite id="s1-s1" name="Robot Tests" source="/Users/pavel/Desktop/robot_test/robot_tests.robot">
<test id="s1-s1-t1" name="Test Ex 1">
<kw name="Set Variable" library="BuiltIn">
<doc>Returns the given values which can then be assigned to a variables.</doc>
<arguments>
<arg>@{VDC_NAMES}</arg>
</arguments>
<assign>
<var>@{reversed_vdc_names}</var>
</assign>
<msg timestamp="20191123 13:16:46.383" level="INFO">@{reversed_vdc_names} = [ a | b | c ]</msg>
<status status="PASS" starttime="20191123 13:16:46.382" endtime="20191123 13:16:46.383"></status>
</kw>
<kw name="Reverse List" library="Collections">
<doc>Reverses the given list in place.</doc>
<arguments>
<arg>${reversed_vdc_names}</arg>
</arguments>
<status status="PASS" starttime="20191123 13:16:46.383" endtime="20191123 13:16:46.383"></status>
</kw>
<kw name="${vdc_name} IN [ @{reversed_vdc_names} ]" type="for">
<kw name="${vdc_name} = c" type="foritem">
<kw name="Select VDC">
<arguments>
<arg>${vdc_name}</arg>
</arguments>
<kw name="Log" library="BuiltIn">
<doc>Logs the given message with the given level.</doc>
<arguments>
<arg>Select VDC ${vdc_name}</arg>
</arguments>
<msg timestamp="20191123 13:16:46.384" level="INFO">Select VDC c</msg>
<status status="PASS" starttime="20191123 13:16:46.384" endtime="20191123 13:16:46.384"></status>
</kw>
<status status="PASS" starttime="20191123 13:16:46.383" endtime="20191123 13:16:46.384"></status>
</kw>
<kw name="Prepare cluster.ini file for service console">
<kw name="Log" library="BuiltIn">
<doc>Logs the given message with the given level.</doc>
<arguments>
<arg>Prepare cluster.ini file for service console</arg>
</arguments>
<msg timestamp="20191123 13:16:46.385" level="INFO">Prepare cluster.ini file for service console</msg>
<status status="PASS" starttime="20191123 13:16:46.385" endtime="20191123 13:16:46.385"></status>
</kw>
<status status="PASS" starttime="20191123 13:16:46.384" endtime="20191123 13:16:46.385"></status>
</kw>
<status status="PASS" starttime="20191123 13:16:46.383" endtime="20191123 13:16:46.385"></status>
</kw>
<kw name="${vdc_name} = b" type="foritem">
<kw name="Select VDC">
<arguments>
<arg>${vdc_name}</arg>
</arguments>
<kw name="Log" library="BuiltIn">
<doc>Logs the given message with the given level.</doc>
<arguments>
<arg>Select VDC ${vdc_name}</arg>
</arguments>
<msg timestamp="20191123 13:16:46.386" level="INFO">Select VDC b</msg>
<status status="PASS" starttime="20191123 13:16:46.385" endtime="20191123 13:16:46.386"></status>
</kw>
<status status="PASS" starttime="20191123 13:16:46.385" endtime="20191123 13:16:46.386"></status>
</kw>
<kw name="Prepare cluster.ini file for service console">
<kw name="Log" library="BuiltIn">
<doc>Logs the given message with the given level.</doc>
<arguments>
<arg>Prepare cluster.ini file for service console</arg>
</arguments>
<msg timestamp="20191123 13:16:46.386" level="INFO">Prepare cluster.ini file for service console</msg>
<status status="PASS" starttime="20191123 13:16:46.386" endtime="20191123 13:16:46.386"></status>
</kw>
<status status="PASS" starttime="20191123 13:16:46.386" endtime="20191123 13:16:46.386"></status>
</kw>
<status status="PASS" starttime="20191123 13:16:46.385" endtime="20191123 13:16:46.386"></status>
</kw>
<kw name="${vdc_name} = a" type="foritem">
<kw name="Select VDC">
<arguments>
<arg>${vdc_name}</arg>
</arguments>
<kw name="Log" library="BuiltIn">
<doc>Logs the given message with the given level.</doc>
<arguments>
<arg>Select VDC ${vdc_name}</arg>
</arguments>
<msg timestamp="20191123 13:16:46.387" level="INFO">Select VDC a</msg>
<status status="PASS" starttime="20191123 13:16:46.387" endtime="20191123 13:16:46.387"></status>
</kw>
<status status="PASS" starttime="20191123 13:16:46.386" endtime="20191123 13:16:46.387"></status>
</kw>
<kw name="Prepare cluster.ini file for service console">
<kw name="Log" library="BuiltIn">
<doc>Logs the given message with the given level.</doc>
<arguments>
<arg>Prepare cluster.ini file for service console</arg>
</arguments>
<msg timestamp="20191123 13:16:46.388" level="INFO">Prepare cluster.ini file for service console</msg>
<status status="PASS" starttime="20191123 13:16:46.387" endtime="20191123 13:16:46.388"></status>
</kw>
<status status="PASS" starttime="20191123 13:16:46.387" endtime="20191123 13:16:46.388"></status>
</kw>
<status status="PASS" starttime="20191123 13:16:46.386" endtime="20191123 13:16:46.388"></status>
</kw>
<status status="PASS" starttime="20191123 13:16:46.383" endtime="20191123 13:16:46.388"></status>
</kw>
<status status="PASS" starttime="20191123 13:16:46.382" endtime="20191123 13:16:46.388" critical="yes"></status>
</test>
<test id="s1-s1-t2" name="Test Ex 2">
<kw name="Fail" library="BuiltIn">
<doc>Fails the test with the given message and optionally alters its tags.</doc>
<msg timestamp="20191123 13:16:46.389" level="FAIL">AssertionError</msg>
<status status="FAIL" starttime="20191123 13:16:46.389" endtime="20191123 13:16:46.389"></status>
</kw>
<status status="FAIL" starttime="20191123 13:16:46.388" endtime="20191123 13:16:46.389" critical="yes">AssertionError</status>
</test>
<test id="s1-s1-t3" name="Test Ex 3">
<kw name="Fail" library="BuiltIn">
<doc>Fails the test with the given message and optionally alters its tags.</doc>
<msg timestamp="20191123 13:16:46.390" level="FAIL">AssertionError</msg>
<status status="FAIL" starttime="20191123 13:16:46.390" endtime="20191123 13:16:46.390"></status>
</kw>
<tags>
<tag>noncritical</tag>
</tags>
<status status="FAIL" starttime="20191123 13:16:46.389" endtime="20191123 13:16:46.390" critical="no">AssertionError</status>
</test>
<doc>Suite description</doc>
<status status="FAIL" starttime="20191123 13:16:46.371" endtime="20191123 13:16:46.391"></status>
</suite>
<status status="FAIL" starttime="20191123 13:16:46.342" endtime="20191123 13:16:46.392"></status>
</suite>
<statistics>
<total>
<stat pass="1" fail="1">Critical Tests</stat>
<stat pass="1" fail="2">All Tests</stat>
</total>
<tag>
<stat pass="0" fail="1" info="non-critical">noncritical</stat>
</tag>
<suite>
<stat pass="1" fail="2" id="s1" name="Robot Test">Robot Test</stat>
<stat pass="1" fail="2" id="s1-s1" name="Robot Tests">Robot Test.Robot Tests</stat>
</suite>
</statistics>
<errors>
</errors>
</robot>
